# JRE version: OpenJDK Runtime Environment (8.0_202-b03) (build 1.8.0_202-release-1483-b03)
# Java VM: OpenJDK 64-Bit Server VM (25.202-b03 mixed mode windows-amd64 compressed oops)
Heap:
 PSYoungGen      total 265216K, used 81105K [0x00000000e0000000, 0x00000000f5100000, 0x0000000100000000)
  eden space 205824K, 20% used [0x00000000e0000000,0x00000000e288b098,0x00000000ec900000)
  from space 59392K, 66% used [0x00000000ec900000,0x00000000eefa9460,0x00000000f0300000)
  to   space 59904K, 0% used [0x00000000f1680000,0x00000000f1680000,0x00000000f5100000)
 ParOldGen       total 226304K, used 84684K [0x00000000a0000000, 0x00000000add00000, 0x00000000e0000000)
  object space 226304K, 37% used [0x00000000a0000000,0x00000000a52b3200,0x00000000add00000)
 Metaspace       used 89341K, capacity 93728K, committed 93952K, reserved 1130496K
  class space    used 11376K, capacity 12190K, committed 12288K, reserved 1048576K
GC Heap History (10 events):
Event: 2955.384 GC heap before
{Heap before GC invocations=37 (full 4):
 PSYoungGen      total 227328K, used 209897K [0x00000000e0000000, 0x00000000f1580000, 0x0000000100000000)
  eden space 178688K, 100% used [0x00000000e0000000,0x00000000eae80000,0x00000000eae80000)
  from space 48640K, 64% used [0x00000000ee600000,0x00000000f047a420,0x00000000f1580000)
  to   space 52736K, 0% used [0x00000000eae80000,0x00000000eae80000,0x00000000ee200000)
 ParOldGen       total 226304K, used 84660K [0x00000000a0000000, 0x00000000add00000, 0x00000000e0000000)
  object space 226304K, 37% used [0x00000000a0000000,0x00000000a52ad200,0x00000000add00000)
 Metaspace       used 87979K, capacity 91602K, committed 92544K, reserved 1130496K
  class space    used 11251K, capacity 11959K, committed 12160K, reserved 1048576K
Event: 2955.412 GC heap after
Heap after GC invocations=37 (full 4):
 PSYoungGen      total 231424K, used 31776K [0x00000000e0000000, 0x00000000f2300000, 0x0000000100000000)
  eden space 178688K, 0% used [0x00000000e0000000,0x00000000e0000000,0x00000000eae80000)
  from space 52736K, 60% used [0x00000000eae80000,0x00000000ecd88288,0x00000000ee200000)
  to   space 52224K, 0% used [0x00000000ef000000,0x00000000ef000000,0x00000000f2300000)
 ParOldGen       total 226304K, used 84668K [0x00000000a0000000, 0x00000000add00000, 0x00000000e0000000)
  object space 226304K, 37% used [0x00000000a0000000,0x00000000a52af200,0x00000000add00000)
 Metaspace       used 87979K, capacity 91602K, committed 92544K, reserved 1130496K
  class space    used 11251K, capacity 11959K, committed 12160K, reserved 1048576K
}
Event: 2957.038 GC heap before
{Heap before GC invocations=38 (full 4):
 PSYoungGen      total 231424K, used 210464K [0x00000000e0000000, 0x00000000f2300000, 0x0000000100000000)
  eden space 178688K, 100% used [0x00000000e0000000,0x00000000eae80000,0x00000000eae80000)
  from space 52736K, 60% used [0x00000000eae80000,0x00000000ecd88288,0x00000000ee200000)
  to   space 52224K, 0% used [0x00000000ef000000,0x00000000ef000000,0x00000000f2300000)
 ParOldGen       total 226304K, used 84668K [0x00000000a0000000, 0x00000000add00000, 0x00000000e0000000)
  object space 226304K, 37% used [0x00000000a0000000,0x00000000a52af200,0x00000000add00000)
 Metaspace       used 88209K, capacity 91848K, committed 92544K, reserved 1130496K
  class space    used 11255K, capacity 11966K, committed 12160K, reserved 1048576K
Event: 2957.076 GC heap after
Heap after GC invocations=38 (full 4):
 PSYoungGen      total 243200K, used 41472K [0x00000000e0000000, 0x00000000f2c80000, 0x0000000100000000)
  eden space 190976K, 0% used [0x00000000e0000000,0x00000000e0000000,0x00000000eba80000)
  from space 52224K, 79% used [0x00000000ef000000,0x00000000f18802d0,0x00000000f2300000)
  to   space 54784K, 0% used [0x00000000eba80000,0x00000000eba80000,0x00000000ef000000)
 ParOldGen       total 226304K, used 84668K [0x00000000a0000000, 0x00000000add00000, 0x00000000e0000000)
  object space 226304K, 37% used [0x00000000a0000000,0x00000000a52af200,0x00000000add00000)
 Metaspace       used 88209K, capacity 91848K, committed 92544K, reserved 1130496K
  class space    used 11255K, capacity 11966K, committed 12160K, reserved 1048576K
}
Event: 3424.817 GC heap before
{Heap before GC invocations=39 (full 4):
 PSYoungGen      total 243200K, used 232448K [0x00000000e0000000, 0x00000000f2c80000, 0x0000000100000000)
  eden space 190976K, 100% used [0x00000000e0000000,0x00000000eba80000,0x00000000eba80000)
  from space 52224K, 79% used [0x00000000ef000000,0x00000000f18802d0,0x00000000f2300000)
  to   space 54784K, 0% used [0x00000000eba80000,0x00000000eba80000,0x00000000ef000000)
 ParOldGen       total 226304K, used 84668K [0x00000000a0000000, 0x00000000add00000, 0x00000000e0000000)
  object space 226304K, 37% used [0x00000000a0000000,0x00000000a52af200,0x00000000add00000)
 Metaspace       used 88390K, capacity 92012K, committed 92800K, reserved 1130496K
  class space    used 11258K, capacity 11972K, committed 12160K, reserved 1048576K
Event: 3424.846 GC heap after
Heap after GC invocations=39 (full 4):
 PSYoungGen      total 245760K, used 51711K [0x00000000e0000000, 0x00000000f4280000, 0x0000000100000000)
  eden space 190976K, 0% used [0x00000000e0000000,0x00000000e0000000,0x00000000eba80000)
  from space 54784K, 94% used [0x00000000eba80000,0x00000000eecffcd8,0x00000000ef000000)
  to   space 60928K, 0% used [0x00000000f0700000,0x00000000f0700000,0x00000000f4280000)
 ParOldGen       total 226304K, used 84676K [0x00000000a0000000, 0x00000000add00000, 0x00000000e0000000)
  object space 226304K, 37% used [0x00000000a0000000,0x00000000a52b1200,0x00000000add00000)
 Metaspace       used 88390K, capacity 92012K, committed 92800K, reserved 1130496K
  class space    used 11258K, capacity 11972K, committed 12160K, reserved 1048576K
}
Event: 3675.838 GC heap before
{Heap before GC invocations=40 (full 4):
 PSYoungGen      total 245760K, used 242687K [0x00000000e0000000, 0x00000000f4280000, 0x0000000100000000)
  eden space 190976K, 100% used [0x00000000e0000000,0x00000000eba80000,0x00000000eba80000)
  from space 54784K, 94% used [0x00000000eba80000,0x00000000eecffcd8,0x00000000ef000000)
  to   space 60928K, 0% used [0x00000000f0700000,0x00000000f0700000,0x00000000f4280000)
 ParOldGen       total 226304K, used 84676K [0x00000000a0000000, 0x00000000add00000, 0x00000000e0000000)
  object space 226304K, 37% used [0x00000000a0000000,0x00000000a52b1200,0x00000000add00000)
 Metaspace       used 88822K, capacity 92682K, committed 93056K, reserved 1130496K
  class space    used 11294K, capacity 12039K, committed 12160K, reserved 1048576K
Event: 3675.863 GC heap after
Heap after GC invocations=40 (full 4):
 PSYoungGen      total 261120K, used 35514K [0x00000000e0000000, 0x00000000f3d00000, 0x0000000100000000)
  eden space 205824K, 0% used [0x00000000e0000000,0x00000000e0000000,0x00000000ec900000)
  from space 55296K, 64% used [0x00000000f0700000,0x00000000f29ae850,0x00000000f3d00000)
  to   space 59392K, 0% used [0x00000000ec900000,0x00000000ec900000,0x00000000f0300000)
 ParOldGen       total 226304K, used 84684K [0x00000000a0000000, 0x00000000add00000, 0x00000000e0000000)
  object space 226304K, 37% used [0x00000000a0000000,0x00000000a52b3200,0x00000000add00000)
 Metaspace       used 88822K, capacity 92682K, committed 93056K, reserved 1130496K
  class space    used 11294K, capacity 12039K, committed 12160K, reserved 1048576K
}
Event: 3677.666 GC heap before
{Heap before GC invocations=41 (full 4):
 PSYoungGen      total 261120K, used 241338K [0x00000000e0000000, 0x00000000f3d00000, 0x0000000100000000)
  eden space 205824K, 100% used [0x00000000e0000000,0x00000000ec900000,0x00000000ec900000)
  from space 55296K, 64% used [0x00000000f0700000,0x00000000f29ae850,0x00000000f3d00000)
  to   space 59392K, 0% used [0x00000000ec900000,0x00000000ec900000,0x00000000f0300000)
 ParOldGen       total 226304K, used 84684K [0x00000000a0000000, 0x00000000add00000, 0x00000000e0000000)
  object space 226304K, 37% used [0x00000000a0000000,0x00000000a52b3200,0x00000000add00000)
 Metaspace       used 89148K, capacity 93442K, committed 93568K, reserved 1130496K
  class space    used 11351K, capacity 12143K, committed 12160K, reserved 1048576K
Event: 3677.696 GC heap after
Heap after GC invocations=41 (full 4):
 PSYoungGen      total 265216K, used 39589K [0x00000000e0000000, 0x00000000f5100000, 0x0000000100000000)
  eden space 205824K, 0% used [0x00000000e0000000,0x00000000e0000000,0x00000000ec900000)
  from space 59392K, 66% used [0x00000000ec900000,0x00000000eefa9460,0x00000000f0300000)
  to   space 59904K, 0% used [0x00000000f1680000,0x00000000f1680000,0x00000000f5100000)
 ParOldGen       total 226304K, used 84684K [0x00000000a0000000, 0x00000000add00000, 0x00000000e0000000)
  object space 226304K, 37% used [0x00000000a0000000,0x00000000a52b3200,0x00000000add00000)
 Metaspace       used 89148K, capacity 93442K, committed 93568K, reserved 1130496K
  class space    used 11351K, capacity 12143K, committed 12160K, reserved 1048576K
}

